# JRE version: Java(TM) SE Runtime Environment (8.0_211-b12) (build 1.8.0_211-b12)
# Java VM: Java HotSpot(TM) 64-Bit Server VM (25.211-b12 mixed mode windows-amd64 compressed oops)
Heap:
 PSYoungGen      total 87040K, used 34106K [0x00000000eab00000, 0x00000000f2980000, 0x0000000100000000)
  eden space 76800K, 44% used [0x00000000eab00000,0x00000000ecc4e8a0,0x00000000ef600000)
  from space 10240K, 0% used [0x00000000ef600000,0x00000000ef600000,0x00000000f0000000)
  to   space 9728K, 0% used [0x00000000f2000000,0x00000000f2000000,0x00000000f2980000)
 ParOldGen       total 46592K, used 12260K [0x00000000c0000000, 0x00000000c2d80000, 0x00000000eab00000)
  object space 46592K, 26% used [0x00000000c0000000,0x00000000c0bf9130,0x00000000c2d80000)
 Metaspace       used 36414K, capacity 38234K, committed 38440K, reserved 1083392K
  class space    used 4750K, capacity 5063K, committed 5160K, reserved 1048576K
GC Heap History (10 events):
Event: 3.060 GC heap before
{Heap before GC invocations=7 (full 1):
 PSYoungGen      total 35328K, used 32768K [0x00000000eab00000, 0x00000000ef800000, 0x0000000100000000)
  eden space 32768K, 100% used [0x00000000eab00000,0x00000000ecb00000,0x00000000ecb00000)
  from space 2560K, 0% used [0x00000000ecb00000,0x00000000ecb00000,0x00000000ecd80000)
  to   space 6656K, 0% used [0x00000000ef180000,0x00000000ef180000,0x00000000ef800000)
 ParOldGen       total 34816K, used 7704K [0x00000000c0000000, 0x00000000c2200000, 0x00000000eab00000)
  object space 34816K, 22% used [0x00000000c0000000,0x00000000c0786000,0x00000000c2200000)
 Metaspace       used 24589K, capacity 25294K, committed 25520K, reserved 1071104K
  class space    used 3200K, capacity 3402K, committed 3504K, reserved 1048576K
Event: 3.073 GC heap after
Heap after GC invocations=7 (full 1):
 PSYoungGen      total 56832K, used 4704K [0x00000000eab00000, 0x00000000ef680000, 0x0000000100000000)
  eden space 51712K, 0% used [0x00000000eab00000,0x00000000eab00000,0x00000000edd80000)
  from space 5120K, 91% used [0x00000000ef180000,0x00000000ef6182b8,0x00000000ef680000)
  to   space 6656K, 0% used [0x00000000ee980000,0x00000000ee980000,0x00000000ef000000)
 ParOldGen       total 34816K, used 7776K [0x00000000c0000000, 0x00000000c2200000, 0x00000000eab00000)
  object space 34816K, 22% used [0x00000000c0000000,0x00000000c0798010,0x00000000c2200000)
 Metaspace       used 24589K, capacity 25294K, committed 25520K, reserved 1071104K
  class space    used 3200K, capacity 3402K, committed 3504K, reserved 1048576K
}
Event: 4.527 GC heap before
{Heap before GC invocations=8 (full 1):
 PSYoungGen      total 56832K, used 56416K [0x00000000eab00000, 0x00000000ef680000, 0x0000000100000000)
  eden space 51712K, 100% used [0x00000000eab00000,0x00000000edd80000,0x00000000edd80000)
  from space 5120K, 91% used [0x00000000ef180000,0x00000000ef6182b8,0x00000000ef680000)
  to   space 6656K, 0% used [0x00000000ee980000,0x00000000ee980000,0x00000000ef000000)
 ParOldGen       total 34816K, used 7776K [0x00000000c0000000, 0x00000000c2200000, 0x00000000eab00000)
  object space 34816K, 22% used [0x00000000c0000000,0x00000000c0798010,0x00000000c2200000)
 Metaspace       used 27831K, capacity 28744K, committed 28976K, reserved 1075200K
  class space    used 3609K, capacity 3844K, committed 3888K, reserved 1048576K
Event: 4.554 GC heap after
Heap after GC invocations=8 (full 1):
 PSYoungGen      total 70656K, used 6650K [0x00000000eab00000, 0x00000000f0700000, 0x0000000100000000)
  eden space 64000K, 0% used [0x00000000eab00000,0x00000000eab00000,0x00000000ee980000)
  from space 6656K, 99% used [0x00000000ee980000,0x00000000eeffe8b0,0x00000000ef000000)
  to   space 7168K, 0% used [0x00000000f0000000,0x00000000f0000000,0x00000000f0700000)
 ParOldGen       total 34816K, used 7784K [0x00000000c0000000, 0x00000000c2200000, 0x00000000eab00000)
  object space 34816K, 22% used [0x00000000c0000000,0x00000000c079a010,0x00000000c2200000)
 Metaspace       used 27831K, capacity 28744K, committed 28976K, reserved 1075200K
  class space    used 3609K, capacity 3844K, committed 3888K, reserved 1048576K
}
Event: 7.193 GC heap before
{Heap before GC invocations=9 (full 1):
 PSYoungGen      total 70656K, used 70650K [0x00000000eab00000, 0x00000000f0700000, 0x0000000100000000)
  eden space 64000K, 100% used [0x00000000eab00000,0x00000000ee980000,0x00000000ee980000)
  from space 6656K, 99% used [0x00000000ee980000,0x00000000eeffe8b0,0x00000000ef000000)
  to   space 7168K, 0% used [0x00000000f0000000,0x00000000f0000000,0x00000000f0700000)
 ParOldGen       total 34816K, used 7784K [0x00000000c0000000, 0x00000000c2200000, 0x00000000eab00000)
  object space 34816K, 22% used [0x00000000c0000000,0x00000000c079a010,0x00000000c2200000)
 Metaspace       used 33477K, capacity 35026K, committed 35120K, reserved 1079296K
  class space    used 4338K, capacity 4643K, committed 4656K, reserved 1048576K
Event: 7.232 GC heap after
Heap after GC invocations=9 (full 1):
 PSYoungGen      total 83968K, used 7152K [0x00000000eab00000, 0x00000000f1d80000, 0x0000000100000000)
  eden space 76800K, 0% used [0x00000000eab00000,0x00000000eab00000,0x00000000ef600000)
  from space 7168K, 99% used [0x00000000f0000000,0x00000000f06fc030,0x00000000f0700000)
  to   space 10240K, 0% used [0x00000000ef600000,0x00000000ef600000,0x00000000f0000000)
 ParOldGen       total 34816K, used 12401K [0x00000000c0000000, 0x00000000c2200000, 0x00000000eab00000)
  object space 34816K, 35% used [0x00000000c0000000,0x00000000c0c1c4d8,0x00000000c2200000)
 Metaspace       used 33477K, capacity 35026K, committed 35120K, reserved 1079296K
  class space    used 4338K, capacity 4643K, committed 4656K, reserved 1048576K
}
Event: 7.370 GC heap before
{Heap before GC invocations=10 (full 1):
 PSYoungGen      total 83968K, used 13649K [0x00000000eab00000, 0x00000000f1d80000, 0x0000000100000000)
  eden space 76800K, 8% used [0x00000000eab00000,0x00000000eb1585a0,0x00000000ef600000)
  from space 7168K, 99% used [0x00000000f0000000,0x00000000f06fc030,0x00000000f0700000)
  to   space 10240K, 0% used [0x00000000ef600000,0x00000000ef600000,0x00000000f0000000)
 ParOldGen       total 34816K, used 12401K [0x00000000c0000000, 0x00000000c2200000, 0x00000000eab00000)
  object space 34816K, 35% used [0x00000000c0000000,0x00000000c0c1c4d8,0x00000000c2200000)
 Metaspace       used 33710K, capacity 35326K, committed 35496K, reserved 1079296K
  class space    used 4363K, capacity 4661K, committed 4776K, reserved 1048576K
Event: 7.396 GC heap after
Heap after GC invocations=10 (full 1):
 PSYoungGen      total 87040K, used 6148K [0x00000000eab00000, 0x00000000f2980000, 0x0000000100000000)
  eden space 76800K, 0% used [0x00000000eab00000,0x00000000eab00000,0x00000000ef600000)
  from space 10240K, 60% used [0x00000000ef600000,0x00000000efc010a8,0x00000000f0000000)
  to   space 9728K, 0% used [0x00000000f2000000,0x00000000f2000000,0x00000000f2980000)
 ParOldGen       total 34816K, used 13681K [0x00000000c0000000, 0x00000000c2200000, 0x00000000eab00000)
  object space 34816K, 39% used [0x00000000c0000000,0x00000000c0d5c4f8,0x00000000c2200000)
 Metaspace       used 33710K, capacity 35326K, committed 35496K, reserved 1079296K
  class space    used 4363K, capacity 4661K, committed 4776K, reserved 1048576K
}
Event: 7.396 GC heap before
{Heap before GC invocations=11 (full 2):
 PSYoungGen      total 87040K, used 6148K [0x00000000eab00000, 0x00000000f2980000, 0x0000000100000000)
  eden space 76800K, 0% used [0x00000000eab00000,0x00000000eab00000,0x00000000ef600000)
  from space 10240K, 60% used [0x00000000ef600000,0x00000000efc010a8,0x00000000f0000000)
  to   space 9728K, 0% used [0x00000000f2000000,0x00000000f2000000,0x00000000f2980000)
 ParOldGen       total 34816K, used 13681K [0x00000000c0000000, 0x00000000c2200000, 0x00000000eab00000)
  object space 34816K, 39% used [0x00000000c0000000,0x00000000c0d5c4f8,0x00000000c2200000)
 Metaspace       used 33710K, capacity 35326K, committed 35496K, reserved 1079296K
  class space    used 4363K, capacity 4661K, committed 4776K, reserved 1048576K
Event: 7.492 GC heap after
Heap after GC invocations=11 (full 2):
 PSYoungGen      total 87040K, used 0K [0x00000000eab00000, 0x00000000f2980000, 0x0000000100000000)
  eden space 76800K, 0% used [0x00000000eab00000,0x00000000eab00000,0x00000000ef600000)
  from space 10240K, 0% used [0x00000000ef600000,0x00000000ef600000,0x00000000f0000000)
  to   space 9728K, 0% used [0x00000000f2000000,0x00000000f2000000,0x00000000f2980000)
 ParOldGen       total 46592K, used 12260K [0x00000000c0000000, 0x00000000c2d80000, 0x00000000eab00000)
  object space 46592K, 26% used [0x00000000c0000000,0x00000000c0bf9130,0x00000000c2d80000)
 Metaspace       used 33710K, capacity 35326K, committed 35496K, reserved 1079296K
  class space    used 4363K, capacity 4661K, committed 4776K, reserved 1048576K
}

